2024-08-29 10:38:02,769 - __main__ - INFO - Saving 2 rows to database
2024-08-29 10:38:03,005 - __main__ - ERROR - Error saving data for SKU BU1120EU: Unread result found
2024-08-29 10:38:03,092 - __main__ - ERROR - Error saving data for SKU HD440EU: Unread result found
2024-08-29 10:38:03,120 - __main__ - INFO - Database connection closed
2024-08-29 10:38:03,121 - __main__ - INFO - Saving 18 rows to database
2024-08-29 10:38:03,420 - __main__ - ERROR - Error saving data for SKU S6002EU: Unread result found
2024-08-29 10:38:03,516 - __main__ - ERROR - Error saving data for SKU IZ400EUT: Unread result found
2024-08-29 10:38:03,600 - __main__ - ERROR - Error saving data for SKU IW3611EU: Unread result found
2024-08-29 10:38:03,692 - __main__ - ERROR - Error saving data for SKU IW1611EU: Unread result found
2024-08-29 10:38:03,769 - __main__ - ERROR - Error saving data for SKU IZ201EU: Unread result found
2024-08-29 10:38:03,864 - __main__ - ERROR - Error saving data for SKU IZ300EUT: Unread result found
2024-08-29 10:38:03,948 - __main__ - ERROR - Error saving data for SKU S6003EU: Unread result found
2024-08-29 10:38:04,033 - __main__ - ERROR - Error saving data for SKU S1000EU: Unread result found
2024-08-29 10:38:04,106 - __main__ - ERROR - Error saving data for SKU HD333EU: Unread result found
2024-08-29 10:38:04,180 - __main__ - ERROR - Error saving data for SKU HD334EU: Unread result found
2024-08-29 10:38:04,256 - __main__ - ERROR - Error saving data for SKU HD352EU: Unread result found
2024-08-29 10:38:04,337 - __main__ - ERROR - Error saving data for SKU IZ201EUT: Unread result found
2024-08-29 10:38:04,413 - __main__ - ERROR - Error saving data for SKU IZ400EU: Unread result found
2024-08-29 10:38:04,483 - __main__ - ERROR - Error saving data for SKU WV270EU: Unread result found
2024-08-29 10:38:04,553 - __main__ - ERROR - Error saving data for SKU WV200EU: Unread result found
2024-08-29 10:38:04,638 - __main__ - ERROR - Error saving data for SKU HT212EU: Unread result found
2024-08-29 10:38:04,743 - __main__ - ERROR - Error saving data for SKU HT202EU: Unread result found
2024-08-29 10:38:04,821 - __main__ - ERROR - Error saving data for SKU FA220EU: Unread result found
2024-08-29 10:38:04,845 - __main__ - INFO - Database connection closed
2024-08-29 10:38:04,846 - __main__ - INFO - Attempting to save prices to database
2024-08-29 10:38:04,846 - __main__ - INFO - save_prices_to_db function called with 20 rows
2024-08-29 10:38:05,054 - __main__ - INFO - Getting country ID for language: NL
2024-08-29 10:38:05,334 - __main__ - INFO - Country ID: 1
2024-08-29 10:38:05,334 - __main__ - INFO - Processing row 0: SKU=BU1120EU, Product Name=Shark FloorDetect Draadloze Steelstofzuiger BU1120EU
2024-08-29 10:38:05,562 - __main__ - INFO - Product ID: 28
2024-08-29 10:38:05,562 - __main__ - INFO - Current price: 249.99
2024-08-29 10:38:05,584 - __main__ - INFO - Last price record: Price=249.99, Date=2024-08-29 09:41:22
2024-08-29 10:38:05,584 - __main__ - INFO - Price unchanged, no new record inserted
2024-08-29 10:38:05,607 - __main__ - INFO - Price record(s) committed to database
2024-08-29 10:38:05,607 - __main__ - INFO - Processing row 1: SKU=HD440EU, Product Name=Shark FlexStyle 5-in-1 Luchtstyler en Haardroger - Zwart/Roségoud HD440EU
2024-08-29 10:38:05,881 - __main__ - INFO - Product ID: 27
2024-08-29 10:38:05,881 - __main__ - INFO - Current price: 209.99
2024-08-29 10:38:05,905 - __main__ - INFO - Last price record: Price=209.99, Date=2024-08-29 09:41:28
2024-08-29 10:38:05,905 - __main__ - INFO - Price unchanged, no new record inserted
2024-08-29 10:38:05,947 - __main__ - INFO - Price record(s) committed to database
2024-08-29 10:38:05,948 - __main__ - INFO - Processing row 2: SKU=S6002EU, Product Name=Shark Steam & Scrub Automatische Stoommop S6002EU
2024-08-29 10:38:06,180 - __main__ - INFO - Product ID: 44
2024-08-29 10:38:06,180 - __main__ - INFO - Current price: 129.99
2024-08-29 10:38:06,206 - __main__ - INFO - Last price record: Price=129.99, Date=2024-08-29 09:41:21
2024-08-29 10:38:06,206 - __main__ - INFO - Price unchanged, no new record inserted
2024-08-29 10:38:06,236 - __main__ - INFO - Price record(s) committed to database
2024-08-29 10:38:06,236 - __main__ - INFO - Processing row 3: SKU=IZ400EUT, Product Name=Shark Stratos Snoerloze Steelstofzuiger met Clean Sense IQ en PowerFins Plus, Model voor Huisdieren [Enkele Accu] IZ400EUT
2024-08-29 10:38:06,482 - __main__ - INFO - Product ID: 30
2024-08-29 10:38:06,482 - __main__ - INFO - Current price: 365.99
2024-08-29 10:38:06,514 - __main__ - INFO - Last price record: Price=365.99, Date=2024-08-29 09:41:23
2024-08-29 10:38:06,514 - __main__ - INFO - Price unchanged, no new record inserted
2024-08-29 10:38:06,538 - __main__ - INFO - Price record(s) committed to database
2024-08-29 10:38:06,538 - __main__ - INFO - Processing row 4: SKU=IW3611EU, Product Name=Shark Draadloze Detect Pro Stofzuiger met Automatisch Leegsysteem 2 Liter IW3611EU
2024-08-29 10:38:06,802 - __main__ - INFO - Product ID: 45
2024-08-29 10:38:06,802 - __main__ - INFO - Current price: 304.99
2024-08-29 10:38:06,829 - __main__ - INFO - Last price record: Price=304.99, Date=2024-08-29 09:41:23
2024-08-29 10:38:06,829 - __main__ - INFO - Price unchanged, no new record inserted
2024-08-29 10:38:06,862 - __main__ - INFO - Price record(s) committed to database
2024-08-29 10:38:06,862 - __main__ - INFO - Processing row 5: SKU=IW1611EU, Product Name=Shark draadloze Detect Pro Stofzuiger IW1611EU
2024-08-29 10:38:07,129 - __main__ - INFO - Product ID: 31
2024-08-29 10:38:07,129 - __main__ - INFO - Current price: 187.99
2024-08-29 10:38:07,156 - __main__ - INFO - Last price record: Price=187.99, Date=2024-08-29 09:41:24
2024-08-29 10:38:07,156 - __main__ - INFO - Price unchanged, no new record inserted
2024-08-29 10:38:07,185 - __main__ - INFO - Price record(s) committed to database
2024-08-29 10:38:07,185 - __main__ - INFO - Processing row 6: SKU=IZ201EU, Product Name=Shark Anti Hair Wrap Snoerloze Steelstofzuiger met Flexology [Enkele Accu] IZ201EU
2024-08-29 10:38:07,436 - __main__ - INFO - Product ID: 34
2024-08-29 10:38:07,436 - __main__ - INFO - Current price: 269.99
2024-08-29 10:38:07,461 - __main__ - INFO - Last price record: Price=269.99, Date=2024-08-29 09:41:25
2024-08-29 10:38:07,462 - __main__ - INFO - Price unchanged, no new record inserted
2024-08-29 10:38:07,483 - __main__ - INFO - Price record(s) committed to database
2024-08-29 10:38:07,483 - __main__ - INFO - Processing row 7: SKU=IZ300EUT, Product Name=Shark Anti Hair Wrap Snoerloze Steelstofzuiger met PowerFins en Flexology [Enkele Accu] IZ300EUT
2024-08-29 10:38:07,752 - __main__ - INFO - Product ID: 35
2024-08-29 10:38:07,753 - __main__ - INFO - Current price: 329.99
2024-08-29 10:38:07,793 - __main__ - INFO - Last price record: Price=329.99, Date=2024-08-29 09:41:25
2024-08-29 10:38:07,793 - __main__ - INFO - Price unchanged, no new record inserted
2024-08-29 10:38:07,817 - __main__ - INFO - Price record(s) committed to database
2024-08-29 10:38:07,818 - __main__ - INFO - Processing row 8: SKU=S6003EU, Product Name=Shark Klik n’ Flip Automatische Stoommop S6003EU
2024-08-29 10:38:08,062 - __main__ - INFO - Product ID: 36
2024-08-29 10:38:08,062 - __main__ - INFO - Current price: 99.99
2024-08-29 10:38:08,097 - __main__ - INFO - Last price record: Price=99.99, Date=2024-08-29 09:41:25
2024-08-29 10:38:08,097 - __main__ - INFO - Price unchanged, no new record inserted
2024-08-29 10:38:08,119 - __main__ - INFO - Price record(s) committed to database
2024-08-29 10:38:08,119 - __main__ - INFO - Processing row 9: SKU=S1000EU, Product Name=Shark Stoommop S1000EU
2024-08-29 10:38:08,352 - __main__ - INFO - Product ID: 37
2024-08-29 10:38:08,352 - __main__ - INFO - Current price: 79.99
2024-08-29 10:38:08,378 - __main__ - INFO - Last price record: Price=79.99, Date=2024-08-29 09:41:25
2024-08-29 10:38:08,378 - __main__ - INFO - Price unchanged, no new record inserted
2024-08-29 10:38:08,404 - __main__ - INFO - Price record(s) committed to database
2024-08-29 10:38:08,405 - __main__ - INFO - Processing row 10: SKU=HD333EU, Product Name=Shark SpeedStyle RapidGloss Finisher en Haardroger met Hoge Snelheid voor Steil en Golvend Haar [HD333EU]
2024-08-29 10:38:08,660 - __main__ - INFO - Product ID: 38
2024-08-29 10:38:08,660 - __main__ - INFO - Current price: 175.99
2024-08-29 10:38:08,711 - __main__ - INFO - Last price record: Price=175.99, Date=2024-08-29 09:41:26
2024-08-29 10:38:08,711 - __main__ - INFO - Price unchanged, no new record inserted
2024-08-29 10:38:08,742 - __main__ - INFO - Price record(s) committed to database
2024-08-29 10:38:08,742 - __main__ - INFO - Processing row 11: SKU=HD334EU, Product Name=Shark SpeedStyle RapidGloss Finisher en Haardroger met Hoge Snelheid voor Krullen en Kroeshaar [HD334EU]
2024-08-29 10:38:08,997 - __main__ - INFO - Product ID: 39
2024-08-29 10:38:08,997 - __main__ - INFO - Current price: 175.99
2024-08-29 10:38:09,026 - __main__ - INFO - Last price record: Price=175.99, Date=2024-08-29 09:41:27
2024-08-29 10:38:09,026 - __main__ - INFO - Price unchanged, no new record inserted
2024-08-29 10:38:09,048 - __main__ - INFO - Price record(s) committed to database
2024-08-29 10:38:09,048 - __main__ - INFO - Processing row 12: SKU=HD352EU, Product Name=Shark SpeedStyle RapidGloss Finisher en Haardroger met Hoge Snelheid, plus Opbergzak [HD352EU]
2024-08-29 10:38:09,294 - __main__ - INFO - Product ID: 40
2024-08-29 10:38:09,294 - __main__ - INFO - Current price: 199.99
2024-08-29 10:38:09,335 - __main__ - INFO - Last price record: Price=199.99, Date=2024-08-29 09:41:27
2024-08-29 10:38:09,336 - __main__ - INFO - Price unchanged, no new record inserted
2024-08-29 10:38:09,356 - __main__ - INFO - Price record(s) committed to database
2024-08-29 10:38:09,356 - __main__ - INFO - Processing row 13: SKU=IZ201EUT, Product Name=Shark Anti Hair Wrap Snoerloze Steelstofzuiger met Flexology, Model voor Huisdieren [Enkele Accu] IZ201EUT
2024-08-29 10:38:09,599 - __main__ - INFO - Product ID: 33
2024-08-29 10:38:09,600 - __main__ - INFO - Current price: 379.99
2024-08-29 10:38:09,628 - __main__ - INFO - Last price record: Price=379.99, Date=2024-08-29 09:41:28
2024-08-29 10:38:09,628 - __main__ - INFO - Price unchanged, no new record inserted
2024-08-29 10:38:09,656 - __main__ - INFO - Price record(s) committed to database
2024-08-29 10:38:09,656 - __main__ - INFO - Processing row 14: SKU=IZ400EU, Product Name=Shark Stratos Snoerloze Steelstofzuiger met Clean Sense IQ en PowerFins Plus [Enkele Accu] IZ400EU
2024-08-29 10:38:09,884 - __main__ - INFO - Product ID: 29
2024-08-29 10:38:09,885 - __main__ - INFO - Current price: 322.99
2024-08-29 10:38:09,908 - __main__ - INFO - Last price record: Price=322.99, Date=2024-08-29 09:41:29
2024-08-29 10:38:09,909 - __main__ - INFO - Price unchanged, no new record inserted
2024-08-29 10:38:09,941 - __main__ - INFO - Price record(s) committed to database
2024-08-29 10:38:09,941 - __main__ - INFO - Processing row 15: SKU=WV270EU, Product Name=Shark Kruimeldief WV270EU WandVac 2.0
2024-08-29 10:38:10,190 - __main__ - INFO - Product ID: 41
2024-08-29 10:38:10,191 - __main__ - INFO - Current price: 129.99
2024-08-29 10:38:10,215 - __main__ - INFO - Last price record: Price=129.99, Date=2024-08-29 09:41:30
2024-08-29 10:38:10,215 - __main__ - INFO - Price unchanged, no new record inserted
2024-08-29 10:38:10,245 - __main__ - INFO - Price record(s) committed to database
2024-08-29 10:38:10,245 - __main__ - INFO - Processing row 16: SKU=WV200EU, Product Name=Shark Kruimeldief WV200EU WandVac 1.0
2024-08-29 10:38:10,477 - __main__ - INFO - Product ID: 42
2024-08-29 10:38:10,477 - __main__ - INFO - Current price: 99.99
2024-08-29 10:38:10,502 - __main__ - INFO - Last price record: Price=99.99, Date=2024-08-29 09:41:31
2024-08-29 10:38:10,502 - __main__ - INFO - Price unchanged, no new record inserted
2024-08-29 10:38:10,526 - __main__ - INFO - Price record(s) committed to database
2024-08-29 10:38:10,526 - __main__ - INFO - Processing row 17: SKU=HT212EU, Product Name=Shark SmoothStyle Verwarmde Borstel & Gladmakende Kam met Etui HT212EU
2024-08-29 10:38:10,793 - __main__ - INFO - Product ID: 46
2024-08-29 10:38:10,793 - __main__ - INFO - Current price: 119.99
2024-08-29 10:38:10,820 - __main__ - INFO - Last price record: Price=119.99, Date=2024-08-29 09:41:32
2024-08-29 10:38:10,820 - __main__ - INFO - Price unchanged, no new record inserted
2024-08-29 10:38:10,859 - __main__ - INFO - Price record(s) committed to database
2024-08-29 10:38:10,859 - __main__ - INFO - Processing row 18: SKU=HT202EU, Product Name=Shark SmoothStyle Verwarmde Borstel en Gladmakende Kam HT202EU
2024-08-29 10:38:11,115 - __main__ - INFO - Product ID: 43
2024-08-29 10:38:11,115 - __main__ - INFO - Current price: 86.99
2024-08-29 10:38:11,138 - __main__ - INFO - Last price record: Price=86.99, Date=2024-08-29 09:41:33
2024-08-29 10:38:11,138 - __main__ - INFO - Price unchanged, no new record inserted
2024-08-29 10:38:11,168 - __main__ - INFO - Price record(s) committed to database
2024-08-29 10:38:11,169 - __main__ - INFO - Processing row 19: SKU=FA220EU, Product Name=Shark FlexBreeze Hybride Draadloze en Bedrade Ventilator met Hoge Snelheid FA220EU
2024-08-29 10:38:11,414 - __main__ - INFO - Product ID: 47
2024-08-29 10:38:11,414 - __main__ - INFO - Current price: 148.99
2024-08-29 10:38:11,435 - __main__ - INFO - Last price record: Price=148.99, Date=2024-08-29 09:41:34
2024-08-29 10:38:11,435 - __main__ - INFO - Price unchanged, no new record inserted
2024-08-29 10:38:11,474 - __main__ - INFO - Price record(s) committed to database
2024-08-29 10:38:11,502 - __main__ - INFO - Database connection closed
2024-08-29 10:38:11,502 - __main__ - INFO - Prices saved successfully for NL Shark.
