2024-08-29 10:04:38,459 - INFO - Starting stock check
2024-08-29 10:04:40,024 - INFO - Checking stock for NL Ninja
2024-08-29 10:04:40,025 - INFO - Processing URLs...
2024-08-29 10:04:50,324 - INFO - Updated 2 products for NL Ninja
2024-08-29 10:04:50,325 - INFO - Updated 2 out-of-stock products for NL Ninja
2024-08-29 10:04:56,445 - INFO - Updated 24 products for NL Ninja
2024-08-29 10:04:56,446 - INFO - Updated 24 in-stock products for NL Ninja
2024-08-29 10:05:03,024 - INFO - Updated 26 products for NL Ninja
2024-08-29 10:05:03,587 - INFO - Price unchanged for ProductID 1. Current: 163.99
2024-08-29 10:05:03,797 - INFO - Price unchanged for ProductID 2. Current: 24.99
2024-08-29 10:05:04,021 - INFO - Price unchanged for ProductID 3. Current: 159.99
2024-08-29 10:05:04,235 - INFO - Price unchanged for ProductID 4. Current: 259.99
2024-08-29 10:05:04,458 - INFO - Price unchanged for ProductID 5. Current: 199.99
2024-08-29 10:05:04,680 - INFO - Price unchanged for ProductID 6. Current: 149.99
2024-08-29 10:05:04,912 - INFO - Price unchanged for ProductID 7. Current: 177.99
2024-08-29 10:05:05,134 - INFO - Price unchanged for ProductID 8. Current: 194.99
2024-08-29 10:05:05,348 - INFO - Price unchanged for ProductID 9. Current: 202.99
2024-08-29 10:05:05,558 - INFO - Price unchanged for ProductID 10. Current: 94.99
2024-08-29 10:05:05,963 - INFO - Price unchanged for ProductID 11. Current: 124.99
2024-08-29 10:05:06,172 - INFO - Price unchanged for ProductID 12. Current: 84.99
2024-08-29 10:05:06,422 - INFO - Price unchanged for ProductID 13. Current: 129.99
2024-08-29 10:05:06,647 - INFO - Price unchanged for ProductID 14. Current: 143.99
2024-08-29 10:05:06,889 - INFO - Price unchanged for ProductID 15. Current: 249.99
2024-08-29 10:05:07,139 - INFO - Price unchanged for ProductID 16. Current: 293.99
2024-08-29 10:05:07,365 - INFO - Price unchanged for ProductID 17. Current: 299.99
2024-08-29 10:05:07,597 - INFO - Price unchanged for ProductID 18. Current: 349.99
2024-08-29 10:05:07,808 - INFO - Price unchanged for ProductID 19. Current: 349.99
2024-08-29 10:05:08,013 - INFO - Price unchanged for ProductID 20. Current: 118.99
2024-08-29 10:05:08,223 - INFO - Price unchanged for ProductID 21. Current: 99.99
2024-08-29 10:05:08,432 - INFO - Price unchanged for ProductID 22. Current: 52.99
2024-08-29 10:05:08,706 - INFO - Price unchanged for ProductID 23. Current: 104.99
2024-08-29 10:05:08,941 - INFO - Price unchanged for ProductID 24. Current: 24.99
2024-08-29 10:05:09,223 - INFO - Price unchanged for ProductID 25. Current: 24.99
2024-08-29 10:05:09,460 - INFO - Price unchanged for ProductID 26. Current: 52.99
2024-08-29 10:05:09,490 - INFO - Saved product status and prices for 26 products for NL Ninja
2024-08-29 10:05:09,490 - INFO - No URLs were skipped in the end for NL Ninja
2024-08-29 10:05:09,490 - INFO - Finished checking NL Ninja
2024-08-29 10:05:09,490 - INFO - -----------------------------------
2024-08-29 10:05:09,490 - INFO - Checking stock for BE Shark
2024-08-29 10:05:09,490 - INFO - Processing URLs...
2024-08-29 10:05:13,827 - ERROR - Error fetching https://sharkclean.be/product/shark-stratos-snoerloze-steelstofzuiger-met-clean-sense-iq-en-powerfins-plus-model-voor-huisdieren-enkele-accu-iz400eut-zidIZ400EUT: HTTPSConnectionPool(host='sharkclean.be', port=443): Read timed out. (read timeout=3)
2024-08-29 10:05:22,594 - ERROR - Error fetching https://sharkclean.be/product/shark-stoommop-s1000eu-zidS1000EU: HTTPSConnectionPool(host='sharkclean.be', port=443): Read timed out. (read timeout=3)
2024-08-29 10:05:25,665 - ERROR - Error fetching https://sharkclean.be/product/shark-speedstyle-rapidgloss-finisher-en-haardroger-met-hoge-snelheid-voor-steil-en-golvend-haar-hd333eu-zidHD333EU: HTTPSConnectionPool(host='sharkclean.be', port=443): Read timed out. (read timeout=3)
2024-08-29 10:05:28,434 - ERROR - Error fetching https://sharkclean.be/product/shark-kruimeldief-wv200eu-wandvac-1-0-zidWV200EU: ('Connection aborted.', RemoteDisconnected('Remote end closed connection without response'))
2024-08-29 10:05:31,501 - ERROR - Error fetching https://sharkclean.be/product/shark-smoothstyle-verwarmde-borstel-gladmakende-kam-met-etui-ht212eu-zidHT212EU: HTTPSConnectionPool(host='sharkclean.be', port=443): Read timed out. (read timeout=3)
2024-08-29 10:05:32,564 - INFO - Rerunning 5 skipped URLs...
2024-08-29 10:05:32,838 - ERROR - Error fetching https://sharkclean.be/product/shark-stratos-snoerloze-steelstofzuiger-met-clean-sense-iq-en-powerfins-plus-model-voor-huisdieren-enkele-accu-iz400eut-zidIZ400EUT: ('Connection aborted.', RemoteDisconnected('Remote end closed connection without response'))
2024-08-29 10:05:35,499 - INFO - Re-rerunning 1 skipped URLs...
2024-08-29 10:05:38,558 - ERROR - Error fetching https://sharkclean.be/product/shark-stratos-snoerloze-steelstofzuiger-met-clean-sense-iq-en-powerfins-plus-model-voor-huisdieren-enkele-accu-iz400eut-zidIZ400EUT: HTTPSConnectionPool(host='sharkclean.be', port=443): Read timed out. (read timeout=3)
2024-08-29 10:05:39,566 - INFO - Updated 2 products for BE Shark
2024-08-29 10:05:39,566 - INFO - Updated 2 out-of-stock products for BE Shark
2024-08-29 10:05:44,243 - INFO - Updated 18 products for BE Shark
2024-08-29 10:05:44,243 - INFO - Updated 18 in-stock products for BE Shark
2024-08-29 10:05:49,353 - INFO - Updated 20 products for BE Shark
2024-08-29 10:05:49,893 - INFO - Price unchanged for ProductID 27. Current: 198.99
2024-08-29 10:05:50,115 - INFO - Price unchanged for ProductID 28. Current: 249.99
2024-08-29 10:05:50,351 - INFO - Price unchanged for ProductID 29. Current: 322.99
2024-08-29 10:05:50,595 - INFO - Price unchanged for ProductID 31. Current: 219.99
2024-08-29 10:05:50,819 - INFO - Price unchanged for ProductID 32. Current: 175.99
2024-08-29 10:05:51,071 - INFO - Price unchanged for ProductID 33. Current: 279.99
2024-08-29 10:05:51,299 - INFO - Price unchanged for ProductID 44. Current: 129.99
2024-08-29 10:05:51,537 - INFO - Price unchanged for ProductID 45. Current: 304.99
2024-08-29 10:05:51,761 - INFO - Price unchanged for ProductID 34. Current: 230.99
2024-08-29 10:05:51,990 - INFO - Price unchanged for ProductID 35. Current: 349.99
2024-08-29 10:05:52,227 - INFO - Price unchanged for ProductID 36. Current: 74.99
2024-08-29 10:05:52,434 - INFO - Price unchanged for ProductID 39. Current: 173.99
2024-08-29 10:05:52,663 - INFO - Price unchanged for ProductID 40. Current: 199.99
2024-08-29 10:05:52,894 - INFO - Price unchanged for ProductID 41. Current: 129.99
2024-08-29 10:05:53,117 - INFO - Price unchanged for ProductID 47. Current: 189.99
2024-08-29 10:05:53,352 - INFO - Price unchanged for ProductID 43. Current: 79.99
2024-08-29 10:05:53,595 - INFO - Price unchanged for ProductID 37. Current: 79.99
2024-08-29 10:05:53,831 - INFO - Price unchanged for ProductID 38. Current: 179.99
2024-08-29 10:05:54,049 - INFO - Price unchanged for ProductID 42. Current: 109.99
2024-08-29 10:05:54,295 - INFO - Price unchanged for ProductID 46. Current: 99.99
2024-08-29 10:05:54,316 - INFO - Saved product status and prices for 20 products for BE Shark
2024-08-29 10:05:54,317 - WARNING - The following URLs were skipped for BE Shark:
2024-08-29 10:05:54,317 - WARNING - https://sharkclean.be/product/shark-stratos-snoerloze-steelstofzuiger-met-clean-sense-iq-en-powerfins-plus-model-voor-huisdieren-enkele-accu-iz400eut-zidIZ400EUT
2024-08-29 10:05:54,317 - WARNING - 1 URLs were skipped after retrying for BE Shark
2024-08-29 10:05:54,317 - WARNING - 5 URLs were skipped after retrying for BE Shark
2024-08-29 10:05:54,317 - INFO - Finished checking BE Shark
2024-08-29 10:05:54,317 - INFO - -----------------------------------
2024-08-29 10:05:54,317 - INFO - Checking stock for NL Shark
2024-08-29 10:05:54,318 - INFO - Processing URLs...
2024-08-29 10:06:06,364 - INFO - Updated 2 products for NL Shark
2024-08-29 10:06:06,364 - INFO - Updated 2 out-of-stock products for NL Shark
2024-08-29 10:06:11,033 - INFO - Updated 18 products for NL Shark
2024-08-29 10:06:11,033 - INFO - Updated 18 in-stock products for NL Shark
2024-08-29 10:06:19,470 - INFO - Updated 20 products for NL Shark
2024-08-29 10:06:20,653 - INFO - Price unchanged for ProductID 28. Current: 249.99
2024-08-29 10:06:21,095 - INFO - Price unchanged for ProductID 27. Current: 209.99
2024-08-29 10:06:21,437 - INFO - Price unchanged for ProductID 44. Current: 129.99
2024-08-29 10:06:21,696 - INFO - Price unchanged for ProductID 30. Current: 365.99
2024-08-29 10:06:21,929 - INFO - Price unchanged for ProductID 45. Current: 304.99
2024-08-29 10:06:22,163 - INFO - Price unchanged for ProductID 31. Current: 187.99
2024-08-29 10:06:22,412 - INFO - Price unchanged for ProductID 34. Current: 269.99
2024-08-29 10:06:22,650 - INFO - Price unchanged for ProductID 35. Current: 329.99
2024-08-29 10:06:22,867 - INFO - Price unchanged for ProductID 36. Current: 99.99
2024-08-29 10:06:23,129 - INFO - Price unchanged for ProductID 37. Current: 79.99
2024-08-29 10:06:23,359 - INFO - Price unchanged for ProductID 38. Current: 175.99
2024-08-29 10:06:23,591 - INFO - Price unchanged for ProductID 39. Current: 175.99
2024-08-29 10:06:23,841 - INFO - Price unchanged for ProductID 40. Current: 199.99
2024-08-29 10:06:24,081 - INFO - Price unchanged for ProductID 33. Current: 379.99
2024-08-29 10:06:24,328 - INFO - Price unchanged for ProductID 29. Current: 322.99
2024-08-29 10:06:24,565 - INFO - Price unchanged for ProductID 41. Current: 129.99
2024-08-29 10:06:24,828 - INFO - Price unchanged for ProductID 42. Current: 99.99
2024-08-29 10:06:25,051 - INFO - Price unchanged for ProductID 46. Current: 119.99
2024-08-29 10:06:25,278 - INFO - Price unchanged for ProductID 43. Current: 86.99
2024-08-29 10:06:25,513 - INFO - Price unchanged for ProductID 47. Current: 148.99
2024-08-29 10:06:25,543 - INFO - Saved product status and prices for 20 products for NL Shark
2024-08-29 10:06:25,543 - INFO - No URLs were skipped in the end for NL Shark
2024-08-29 10:06:25,543 - INFO - Finished checking NL Shark
2024-08-29 10:06:25,543 - INFO - -----------------------------------
2024-08-29 10:06:25,543 - INFO - Checking stock for BE Ninja
2024-08-29 10:06:25,545 - INFO - Processing URLs...
2024-08-29 10:06:31,173 - ERROR - Error fetching https://ninjakitchen.be/product/ninja-airfryer-pro-4-7-liter-af140eu-zidAF140EU: HTTPSConnectionPool(host='ninjakitchen.be', port=443): Read timed out. (read timeout=3)
2024-08-29 10:06:36,185 - ERROR - Error fetching https://ninjakitchen.be/product/ninja-woodfire-electric-bbq-grill-smoker-og701eu-zidOG701EU: HTTPSConnectionPool(host='ninjakitchen.be', port=443): Read timed out. (read timeout=3)
2024-08-29 10:06:45,119 - ERROR - Error fetching https://ninjakitchen.be/product/ninja-ijsmachines-dessertbakken-set-van-4-zidXSKPNTLID4EUK: HTTPSConnectionPool(host='ninjakitchen.be', port=443): Read timed out. (read timeout=3)
2024-08-29 10:06:46,349 - INFO - Rerunning 3 skipped URLs...
2024-08-29 10:06:48,992 - INFO - Updated 2 products for BE Ninja
2024-08-29 10:06:48,992 - INFO - Updated 2 out-of-stock products for BE Ninja
2024-08-29 10:06:54,998 - INFO - Updated 24 products for BE Ninja
2024-08-29 10:06:54,999 - INFO - Updated 24 in-stock products for BE Ninja
2024-08-29 10:07:01,137 - INFO - Updated 26 products for BE Ninja
2024-08-29 10:07:01,724 - INFO - Price unchanged for ProductID 1. Current: 159.99
2024-08-29 10:07:02,217 - INFO - Price unchanged for ProductID 2. Current: 24.99
2024-08-29 10:07:02,671 - INFO - Price unchanged for ProductID 3. Current: 159.99
2024-08-29 10:07:02,993 - INFO - Price unchanged for ProductID 5. Current: 199.99
2024-08-29 10:07:03,225 - INFO - Price unchanged for ProductID 6. Current: 149.99
2024-08-29 10:07:03,460 - INFO - Price unchanged for ProductID 9. Current: 180.99
2024-08-29 10:07:03,677 - INFO - Price unchanged for ProductID 10. Current: 79.99
2024-08-29 10:07:03,895 - INFO - Price unchanged for ProductID 13. Current: 142.99
2024-08-29 10:07:04,104 - INFO - Price unchanged for ProductID 14. Current: 143.99
2024-08-29 10:07:04,322 - INFO - Price unchanged for ProductID 16. Current: 281.99
2024-08-29 10:07:04,543 - INFO - Price unchanged for ProductID 18. Current: 349.99
2024-08-29 10:07:04,754 - INFO - Price unchanged for ProductID 20. Current: 118.99
2024-08-29 10:07:04,979 - INFO - Price unchanged for ProductID 21. Current: 98.99
2024-08-29 10:07:05,185 - INFO - Price unchanged for ProductID 22. Current: 52.99
2024-08-29 10:07:05,391 - INFO - Price unchanged for ProductID 8. Current: 194.99
2024-08-29 10:07:05,594 - INFO - Price unchanged for ProductID 15. Current: 249.99
2024-08-29 10:07:05,799 - INFO - Price unchanged for ProductID 19. Current: 299.99
2024-08-29 10:07:06,026 - INFO - Price unchanged for ProductID 23. Current: 102.99
2024-08-29 10:07:06,256 - INFO - Price unchanged for ProductID 7. Current: 159.99
2024-08-29 10:07:06,482 - INFO - Price unchanged for ProductID 11. Current: 103.99
2024-08-29 10:07:06,722 - INFO - Price unchanged for ProductID 4. Current: 259.99
2024-08-29 10:07:06,932 - INFO - Price unchanged for ProductID 26. Current: 52.99
2024-08-29 10:07:07,232 - INFO - Price unchanged for ProductID 24. Current: 24.99
2024-08-29 10:07:07,459 - INFO - Price unchanged for ProductID 12. Current: 84.99
2024-08-29 10:07:07,664 - INFO - Price unchanged for ProductID 17. Current: 264.99
2024-08-29 10:07:07,907 - INFO - Price unchanged for ProductID 25. Current: 24.99
2024-08-29 10:07:07,929 - INFO - Saved product status and prices for 26 products for BE Ninja
2024-08-29 10:07:07,929 - INFO - No URLs were skipped in the end for BE Ninja
2024-08-29 10:07:07,929 - INFO - Finished checking BE Ninja
2024-08-29 10:07:07,929 - INFO - -----------------------------------
2024-08-29 10:07:07,929 - INFO - Checking stock for FR Ninja
2024-08-29 10:07:07,930 - INFO - Processing URLs...
2024-08-29 10:07:09,457 - ERROR - Error fetching https://ninjakitchen.fr/produits/ninja-combi-multicuiseur-four-et-friteuse-sans-huile-12-en-1-sfp700eu-zidSFP700EU: ('Connection aborted.', RemoteDisconnected('Remote end closed connection without response'))
2024-08-29 10:07:14,502 - ERROR - Error fetching https://ninjakitchen.fr/produits/friteuse-sans-huile-ninja-foodi-af300eu-double-compartiment-air-fryer-7-6l-zidAF300EU: HTTPSConnectionPool(host='ninjakitchen.fr', port=443): Read timed out. (read timeout=3)
2024-08-29 10:07:19,426 - ERROR - Error fetching https://ninjakitchen.fr/produits/friteuse-sans-huile-ninja-foodi-flex-10-4-l-af500eu-zidAF500EU: HTTPSConnectionPool(host='ninjakitchen.fr', port=443): Read timed out. (read timeout=3)
2024-08-29 10:07:20,974 - ERROR - Error fetching https://ninjakitchen.fr/produits/friteuse-sans-huile-air-fryer-ninja-af100eu-zidAF100EU: ('Connection aborted.', RemoteDisconnected('Remote end closed connection without response'))
2024-08-29 10:07:24,435 - ERROR - Error fetching https://ninjakitchen.fr/produits/multicuiseur-smartlid-11-en-1-ninja-foodi-ol550eu-zidOL550EU: HTTPSConnectionPool(host='ninjakitchen.fr', port=443): Read timed out. (read timeout=3)
2024-08-29 10:07:27,698 - ERROR - Error fetching https://ninjakitchen.fr/produits/multicuiseur-ninja-foodi-op300eu-7-en-1-6l-reconditionne-tres-bon-etat-zidOP300EUREFA: HTTPSConnectionPool(host='ninjakitchen.fr', port=443): Read timed out. (read timeout=3)
2024-08-29 10:07:32,414 - ERROR - Error fetching https://ninjakitchen.fr/produits/grill-d-interieur-friteuse-ninja-foodi-reconditionne-ag301euref-etat-excellent-zidAG301EUREF: HTTPSConnectionPool(host='ninjakitchen.fr', port=443): Read timed out. (read timeout=3)
2024-08-29 10:07:37,883 - ERROR - Error fetching https://ninjakitchen.fr/produits/friteuse-sans-huile-ninja-max-pro-6-2-l-af180eu-zidAF180EU: HTTPSConnectionPool(host='ninjakitchen.fr', port=443): Read timed out. (read timeout=3)
2024-08-29 10:07:42,527 - ERROR - Error fetching https://ninjakitchen.fr/produits/mini-four-multifonction-10-en-1-ninja-foodi-reconditionne-dt200eu-tres-bon-etat-zidDT200EUREFA: HTTPSConnectionPool(host='ninjakitchen.fr', port=443): Read timed out. (read timeout=3)
2024-08-29 10:07:45,884 - ERROR - Error fetching https://ninjakitchen.fr/produits/grill-d-interieur-plancha-friteuse-ninja-foodi-max-pro-reconditionne-ag651euref-etat-excellent-zidAG651EUREF: ('Connection aborted.', RemoteDisconnected('Remote end closed connection without response'))
2024-08-29 10:07:51,111 - ERROR - Error fetching https://ninjakitchen.fr/produits/blender-2-en-1-ninja-avec-auto-iq-reconditionne-bn750eu-etat-excellent-zidBN750EUREF: HTTPSConnectionPool(host='ninjakitchen.fr', port=443): Read timed out. (read timeout=3)
2024-08-29 10:07:57,953 - ERROR - Error fetching https://ninjakitchen.fr/produits/friteuse-sans-huile-ninja-foodi-max-dualzone-9-5l-reconditionne-af400eurefb-etat-correct-zidAF400EUREFB: HTTPSConnectionPool(host='ninjakitchen.fr', port=443): Read timed out. (read timeout=3)
2024-08-29 10:08:00,155 - ERROR - Error fetching https://ninjakitchen.fr/produits/blender-smoothie-nutri-ninja-700w-reconditionne-qb3001eus-etat-correct-zidQB3001EUSREFB: ('Connection aborted.', RemoteDisconnected('Remote end closed connection without response'))
2024-08-29 10:08:06,131 - ERROR - Error fetching https://ninjakitchen.fr/produits/poele-30-cm-ninja-foodi-zerostick-c30030eu-zidC30030EU: HTTPSConnectionPool(host='ninjakitchen.fr', port=443): Read timed out. (read timeout=3)
2024-08-29 10:08:10,452 - ERROR - Error fetching https://ninjakitchen.fr/produits/faitout-26-cm-avec-couvercle-ninja-foodi-zerostick-c30426eu-zidC30426EU: HTTPSConnectionPool(host='ninjakitchen.fr', port=443): Read timed out. (read timeout=3)
2024-08-29 10:08:10,721 - ERROR - Error fetching https://ninjakitchen.fr/produits/poele-20-cm-en-inox-ninja-foodi-zerostick-c60020eu-zidC60020EU: ('Connection aborted.', RemoteDisconnected('Remote end closed connection without response'))
2024-08-29 10:08:13,777 - ERROR - Error fetching https://ninjakitchen.fr/produits/poele-30-cm-en-inox-ninja-foodi-zerostick-c60030eu-zidC60030EU: HTTPSConnectionPool(host='ninjakitchen.fr', port=443): Read timed out. (read timeout=3)
2024-08-29 10:08:16,837 - ERROR - Error fetching https://ninjakitchen.fr/produits/batterie-de-cuisine-5-pieces-en-inox-ninja-foodi-zerostick-c65000eu-zidC65000EU: HTTPSConnectionPool(host='ninjakitchen.fr', port=443): Read timed out. (read timeout=3)
2024-08-29 10:08:17,607 - ERROR - Error fetching https://ninjakitchen.fr/produits/gourde-isotherme-ninja-thirsti-noire-530-ml-zidDW1801EUUKBK: ('Connection aborted.', RemoteDisconnected('Remote end closed connection without response'))
2024-08-29 10:08:31,951 - ERROR - Error fetching https://ninjakitchen.fr/produits/multicuiseur-smartlid-12-en-1-ninja-foodi-max-reconditionne-ol650eu-tres-bon-etat-zidOL650EUREFA: HTTPSConnectionPool(host='ninjakitchen.fr', port=443): Read timed out. (read timeout=3)
2024-08-29 10:08:32,807 - ERROR - Error fetching https://ninjakitchen.fr/produits/multicuiseur-smartlid-12-en-1-ninja-foodi-max-reconditionne-ol650eu-etat-correct-zidOL650EUREFB: 404 Client Error: Not Found for url: https://ninjakitchen.fr/produits/multicuiseur-smartlid-12-en-1-ninja-foodi-max-reconditionne-ol650eu-etat-correct-zidOL650EUREFB
2024-08-29 10:08:38,641 - ERROR - Error fetching https://ninjakitchen.fr/produits/four-d-exterieur-ninja-woodfire-oo101eu-zidOO101EU: HTTPSConnectionPool(host='ninjakitchen.fr', port=443): Read timed out. (read timeout=3)
2024-08-29 10:08:43,880 - ERROR - Error fetching https://ninjakitchen.fr/produits/blender-2-en1-ninja-avec-auto-iq-bn750eu-zidBN750EU: HTTPSConnectionPool(host='ninjakitchen.fr', port=443): Read timed out. (read timeout=3)
2024-08-29 10:08:51,116 - ERROR - Error fetching https://ninjakitchen.fr/produits/batterie-de-cuisine-ninja-foodi-zerostick-5-pieces-c35000eu-zidC35000EU: HTTPSConnectionPool(host='ninjakitchen.fr', port=443): Read timed out. (read timeout=3)
2024-08-29 10:08:56,359 - ERROR - Error fetching https://ninjakitchen.fr/produits/jeu-de-6-couteaux-acier-inoxydable-ninja-staysharp-et-bloc-blanc-k62006euwh-zidK62006EUWH: HTTPSConnectionPool(host='ninjakitchen.fr', port=443): Read timed out. (read timeout=3)
2024-08-29 10:09:01,549 - ERROR - Error fetching https://ninjakitchen.fr/produits/gourde-isotherme-ninja-thirsti-noire-700-ml-zidDW2401EUUKBK: HTTPSConnectionPool(host='ninjakitchen.fr', port=443): Read timed out. (read timeout=3)
2024-08-29 10:09:07,540 - ERROR - Error fetching https://ninjakitchen.fr/produits/blender-2-en-1-ninja-avec-auto-iq-reconditionne-bn750eu-etat-correct-zidBN750EUREFB: HTTPSConnectionPool(host='ninjakitchen.fr', port=443): Read timed out. (read timeout=3)
2024-08-29 10:09:11,075 - ERROR - Error fetching https://ninjakitchen.fr/produits/multicuiseur-smartlid-12-en-1-ninja-foodi-max-reconditionne-etat-excellent-zidOL650EUREF: 404 Client Error: Not Found for url: https://ninjakitchen.fr/produits/multicuiseur-smartlid-12-en-1-ninja-foodi-max-reconditionne-etat-excellent-zidOL650EUREF
2024-08-29 10:09:14,099 - ERROR - Error fetching https://ninjakitchen.fr/produits/grill-d-interieur-friteuse-ninja-foodi-max-reconditionne-ag551eurefb-etat-correct-zidAG551EUREFB: HTTPSConnectionPool(host='ninjakitchen.fr', port=443): Read timed out. (read timeout=3)
2024-08-29 10:09:17,199 - ERROR - Error fetching https://ninjakitchen.fr/produits/casserole-ninja-foodi-zerostick-c30220eu-20-cm-avec-couvercle-zidC30220EU: HTTPSConnectionPool(host='ninjakitchen.fr', port=443): Read timed out. (read timeout=3)
2024-08-29 10:09:20,223 - ERROR - Error fetching https://ninjakitchen.fr/produits/gourde-isotherme-ninja-thirsti-menthe-700-ml-zidDW2401EUUKMT: HTTPSConnectionPool(host='ninjakitchen.fr', port=443): Read timed out. (read timeout=3)
2024-08-29 10:09:21,553 - INFO - Rerunning 31 skipped URLs...
2024-08-29 10:09:25,954 - ERROR - Error fetching https://ninjakitchen.fr/produits/friteuse-sans-huile-air-fryer-ninja-af100eu-zidAF100EU: HTTPSConnectionPool(host='ninjakitchen.fr', port=443): Read timed out. (read timeout=3)
2024-08-29 10:09:26,801 - ERROR - Error fetching https://ninjakitchen.fr/produits/multicuiseur-ninja-foodi-op300eu-7-en-1-6l-reconditionne-tres-bon-etat-zidOP300EUREFA: ('Connection aborted.', RemoteDisconnected('Remote end closed connection without response'))
2024-08-29 10:09:31,021 - ERROR - Error fetching https://ninjakitchen.fr/produits/mini-four-multifonction-10-en-1-ninja-foodi-reconditionne-dt200eu-tres-bon-etat-zidDT200EUREFA: HTTPSConnectionPool(host='ninjakitchen.fr', port=443): Read timed out. (read timeout=3)
2024-08-29 10:09:35,164 - ERROR - Error fetching https://ninjakitchen.fr/produits/friteuse-sans-huile-ninja-foodi-max-dualzone-9-5l-reconditionne-af400eurefb-etat-correct-zidAF400EUREFB: HTTPSConnectionPool(host='ninjakitchen.fr', port=443): Read timed out. (read timeout=3)
2024-08-29 10:09:36,353 - ERROR - Error fetching https://ninjakitchen.fr/produits/poele-30-cm-ninja-foodi-zerostick-c30030eu-zidC30030EU: ('Connection aborted.', RemoteDisconnected('Remote end closed connection without response'))
2024-08-29 10:09:40,165 - ERROR - Error fetching https://ninjakitchen.fr/produits/gourde-isotherme-ninja-thirsti-noire-530-ml-zidDW1801EUUKBK: HTTPSConnectionPool(host='ninjakitchen.fr', port=443): Read timed out. (read timeout=3)
2024-08-29 10:09:40,347 - ERROR - Error fetching https://ninjakitchen.fr/produits/multicuiseur-smartlid-12-en-1-ninja-foodi-max-reconditionne-ol650eu-tres-bon-etat-zidOL650EUREFA: 404 Client Error: Not Found for url: https://ninjakitchen.fr/produits/multicuiseur-smartlid-12-en-1-ninja-foodi-max-reconditionne-ol650eu-tres-bon-etat-zidOL650EUREFA
2024-08-29 10:09:40,620 - ERROR - Error fetching https://ninjakitchen.fr/produits/multicuiseur-smartlid-12-en-1-ninja-foodi-max-reconditionne-ol650eu-etat-correct-zidOL650EUREFB: 404 Client Error: Not Found for url: https://ninjakitchen.fr/produits/multicuiseur-smartlid-12-en-1-ninja-foodi-max-reconditionne-ol650eu-etat-correct-zidOL650EUREFB
2024-08-29 10:09:44,439 - ERROR - Error fetching https://ninjakitchen.fr/produits/multicuiseur-smartlid-12-en-1-ninja-foodi-max-reconditionne-etat-excellent-zidOL650EUREF: 404 Client Error: Not Found for url: https://ninjakitchen.fr/produits/multicuiseur-smartlid-12-en-1-ninja-foodi-max-reconditionne-etat-excellent-zidOL650EUREF
2024-08-29 10:09:48,628 - ERROR - Error fetching https://ninjakitchen.fr/produits/gourde-isotherme-ninja-thirsti-menthe-700-ml-zidDW2401EUUKMT: HTTPSConnectionPool(host='ninjakitchen.fr', port=443): Read timed out. (read timeout=3)
2024-08-29 10:09:48,628 - INFO - Re-rerunning 10 skipped URLs...
2024-08-29 10:09:55,440 - ERROR - Error fetching https://ninjakitchen.fr/produits/multicuiseur-smartlid-12-en-1-ninja-foodi-max-reconditionne-ol650eu-tres-bon-etat-zidOL650EUREFA: HTTPSConnectionPool(host='ninjakitchen.fr', port=443): Read timed out. (read timeout=3)
2024-08-29 10:09:55,642 - ERROR - Error fetching https://ninjakitchen.fr/produits/multicuiseur-smartlid-12-en-1-ninja-foodi-max-reconditionne-ol650eu-etat-correct-zidOL650EUREFB: 404 Client Error: Not Found for url: https://ninjakitchen.fr/produits/multicuiseur-smartlid-12-en-1-ninja-foodi-max-reconditionne-ol650eu-etat-correct-zidOL650EUREFB
2024-08-29 10:09:58,691 - ERROR - Error fetching https://ninjakitchen.fr/produits/multicuiseur-smartlid-12-en-1-ninja-foodi-max-reconditionne-etat-excellent-zidOL650EUREF: HTTPSConnectionPool(host='ninjakitchen.fr', port=443): Read timed out. (read timeout=3)
2024-08-29 10:10:02,155 - INFO - Created new product: SKU=SP101EUREFA, Name=Mini four 8-en-1 Ninja Foodi Reconditionné SP101EU | Très bon état, ID=219
2024-08-29 10:10:13,261 - INFO - Updated 58 products for FR Ninja
2024-08-29 10:10:13,262 - INFO - Updated 58 out-of-stock products for FR Ninja
2024-08-29 10:10:49,812 - INFO - Updated 94 products for FR Ninja
2024-08-29 10:10:49,812 - INFO - Updated 94 in-stock products for FR Ninja
2024-08-29 10:11:24,607 - INFO - Updated 152 products for FR Ninja
2024-08-29 10:11:25,146 - INFO - Price unchanged for ProductID 90. Current: 169.99
2024-08-29 10:11:25,358 - INFO - Price unchanged for ProductID 48. Current: 279.99
2024-08-29 10:11:25,572 - INFO - Price unchanged for ProductID 91. Current: 229.99
2024-08-29 10:11:25,793 - INFO - Price unchanged for ProductID 50. Current: 184.99
2024-08-29 10:11:26,020 - INFO - Price unchanged for ProductID 51. Current: 214.99
2024-08-29 10:11:26,226 - INFO - Price unchanged for ProductID 52. Current: 179.99
2024-08-29 10:11:26,445 - INFO - Price unchanged for ProductID 53. Current: 239.99
2024-08-29 10:11:26,652 - INFO - Price unchanged for ProductID 92. Current: 149.99
2024-08-29 10:11:26,871 - INFO - Price unchanged for ProductID 93. Current: 189.99
2024-08-29 10:11:27,119 - INFO - Price unchanged for ProductID 55. Current: 154.99
2024-08-29 10:11:27,353 - INFO - First price record for ProductID 219. Price: 129.99
2024-08-29 10:11:27,576 - INFO - Price unchanged for ProductID 56. Current: 124.99
2024-08-29 10:11:27,787 - INFO - Price unchanged for ProductID 57. Current: 149.99
2024-08-29 10:11:27,996 - INFO - Price unchanged for ProductID 58. Current: 49.99
2024-08-29 10:11:28,207 - INFO - Price unchanged for ProductID 59. Current: 152.49
2024-08-29 10:11:28,477 - INFO - Price unchanged for ProductID 60. Current: 79.99
2024-08-29 10:11:28,698 - INFO - Price unchanged for ProductID 61. Current: 94.99
2024-08-29 10:11:28,934 - INFO - Price unchanged for ProductID 62. Current: 134.99
2024-08-29 10:11:29,150 - INFO - Price unchanged for ProductID 63. Current: 114.99
2024-08-29 10:11:29,361 - INFO - Price unchanged for ProductID 64. Current: 109.99
2024-08-29 10:11:29,627 - INFO - Price unchanged for ProductID 66. Current: 134.99
2024-08-29 10:11:29,859 - INFO - Price unchanged for ProductID 67. Current: 39.99
2024-08-29 10:11:30,099 - INFO - Price unchanged for ProductID 68. Current: 44.99
2024-08-29 10:11:30,358 - INFO - Price unchanged for ProductID 95. Current: 49.99
2024-08-29 10:11:30,561 - INFO - Price unchanged for ProductID 69. Current: 64.99
2024-08-29 10:11:30,782 - INFO - Price unchanged for ProductID 70. Current: 74.99
2024-08-29 10:11:30,998 - INFO - Price unchanged for ProductID 71. Current: 59.99
2024-08-29 10:11:31,204 - INFO - Price unchanged for ProductID 75. Current: 199.99
2024-08-29 10:11:31,460 - INFO - Price unchanged for ProductID 76. Current: 189.99
2024-08-29 10:11:31,681 - INFO - Price unchanged for ProductID 77. Current: 34.99
2024-08-29 10:11:31,930 - INFO - Price unchanged for ProductID 78. Current: 209.99
2024-08-29 10:11:32,178 - INFO - Price unchanged for ProductID 98. Current: 209.99
2024-08-29 10:11:32,443 - INFO - Price unchanged for ProductID 79. Current: 139.99
2024-08-29 10:11:32,649 - INFO - Price unchanged for ProductID 80. Current: 169.99
2024-08-29 10:11:32,890 - INFO - Price unchanged for ProductID 81. Current: 189.99
2024-08-29 10:11:33,131 - INFO - Price unchanged for ProductID 99. Current: 129.99
2024-08-29 10:11:33,364 - INFO - Price unchanged for ProductID 82. Current: 64.99
2024-08-29 10:11:33,640 - INFO - Price unchanged for ProductID 100. Current: 99.99
2024-08-29 10:11:33,894 - INFO - Price unchanged for ProductID 103. Current: 169.99
2024-08-29 10:11:34,124 - INFO - Price unchanged for ProductID 101. Current: 94.99
2024-08-29 10:11:34,364 - INFO - Price unchanged for ProductID 83. Current: 179.99
2024-08-29 10:11:34,583 - INFO - Price unchanged for ProductID 102. Current: 54.99
2024-08-29 10:11:34,835 - INFO - Price unchanged for ProductID 84. Current: 169.99
2024-08-29 10:11:35,089 - INFO - Price unchanged for ProductID 85. Current: 84.99
2024-08-29 10:11:35,325 - INFO - Price unchanged for ProductID 86. Current: 449.99
2024-08-29 10:11:35,563 - INFO - Price unchanged for ProductID 87. Current: 98.99
2024-08-29 10:11:35,792 - INFO - Price unchanged for ProductID 88. Current: 179.99
2024-08-29 10:11:36,017 - INFO - Price unchanged for ProductID 89. Current: 59.99
2024-08-29 10:11:36,248 - INFO - Price unchanged for ProductID 1. Current: 199.99
2024-08-29 10:11:36,473 - INFO - Price unchanged for ProductID 54. Current: 122.49
2024-08-29 10:11:36,718 - INFO - Price unchanged for ProductID 65. Current: 39.99
2024-08-29 10:11:36,965 - INFO - Price unchanged for ProductID 72. Current: 89.99
2024-08-29 10:11:37,197 - INFO - Price unchanged for ProductID 73. Current: 49.99
2024-08-29 10:11:37,429 - INFO - Price unchanged for ProductID 97. Current: 69.99
2024-08-29 10:11:37,657 - INFO - Price unchanged for ProductID 74. Current: 279.99
2024-08-29 10:11:37,942 - INFO - Price unchanged for ProductID 49. Current: 214.99
2024-08-29 10:11:38,170 - INFO - Price unchanged for ProductID 94. Current: 169.99
2024-08-29 10:11:38,462 - INFO - Price unchanged for ProductID 96. Current: 59.99
2024-08-29 10:11:38,675 - INFO - Price unchanged for ProductID 104. Current: 164.99
2024-08-29 10:11:38,958 - INFO - Price unchanged for ProductID 15. Current: 299.99
2024-08-29 10:11:39,168 - INFO - Price unchanged for ProductID 106. Current: 299.99
2024-08-29 10:11:39,424 - INFO - Price unchanged for ProductID 5. Current: 229.99
2024-08-29 10:11:39,651 - INFO - Price unchanged for ProductID 7. Current: 199.99
2024-08-29 10:11:39,890 - INFO - Price unchanged for ProductID 8. Current: 269.99
2024-08-29 10:11:40,141 - INFO - Price unchanged for ProductID 11. Current: 97.99
2024-08-29 10:11:40,364 - INFO - Price unchanged for ProductID 14. Current: 249.99
2024-08-29 10:11:40,604 - INFO - Price unchanged for ProductID 16. Current: 379.99
2024-08-29 10:11:40,848 - INFO - Price unchanged for ProductID 107. Current: 199.99
2024-08-29 10:11:41,052 - INFO - Price unchanged for ProductID 159. Current: 249.99
2024-08-29 10:11:41,261 - INFO - Price unchanged for ProductID 160. Current: 119.99
2024-08-29 10:11:41,501 - INFO - Price unchanged for ProductID 108. Current: 199.99
2024-08-29 10:11:41,702 - INFO - Price unchanged for ProductID 161. Current: 199.99
2024-08-29 10:11:41,951 - INFO - Price unchanged for ProductID 162. Current: 239.99
2024-08-29 10:11:42,172 - INFO - Price unchanged for ProductID 163. Current: 199.99
2024-08-29 10:11:42,418 - INFO - Price unchanged for ProductID 12. Current: 129.99
2024-08-29 10:11:42,652 - INFO - Price unchanged for ProductID 110. Current: 279.99
2024-08-29 10:11:42,898 - INFO - Price unchanged for ProductID 164. Current: 249.99
2024-08-29 10:11:43,106 - INFO - Price unchanged for ProductID 111. Current: 99.99
2024-08-29 10:11:43,315 - INFO - Price unchanged for ProductID 112. Current: 214.99
2024-08-29 10:11:43,575 - INFO - Price unchanged for ProductID 114. Current: 257.49
2024-08-29 10:11:43,789 - INFO - Price unchanged for ProductID 116. Current: 149.99
2024-08-29 10:11:43,999 - INFO - Price unchanged for ProductID 117. Current: 29.99
2024-08-29 10:11:44,196 - INFO - Price unchanged for ProductID 118. Current: 114.99
2024-08-29 10:11:44,417 - INFO - Price unchanged for ProductID 165. Current: 214.99
2024-08-29 10:11:44,631 - INFO - Price unchanged for ProductID 119. Current: 149.99
2024-08-29 10:11:44,906 - INFO - Price unchanged for ProductID 120. Current: 299.99
2024-08-29 10:11:45,119 - INFO - Price unchanged for ProductID 121. Current: 99.99
2024-08-29 10:11:45,347 - INFO - Price unchanged for ProductID 122. Current: 59.99
2024-08-29 10:11:45,587 - INFO - Price unchanged for ProductID 123. Current: 89.99
2024-08-29 10:11:45,812 - INFO - Price unchanged for ProductID 124. Current: 104.99
2024-08-29 10:11:46,023 - INFO - Price unchanged for ProductID 166. Current: 187.49
2024-08-29 10:11:46,259 - INFO - Price unchanged for ProductID 125. Current: 184.99
2024-08-29 10:11:46,506 - INFO - Price unchanged for ProductID 167. Current: 169.99
2024-08-29 10:11:46,779 - INFO - Price unchanged for ProductID 126. Current: 194.99
2024-08-29 10:11:47,020 - INFO - Price unchanged for ProductID 127. Current: 289.99
2024-08-29 10:11:47,243 - INFO - Price unchanged for ProductID 168. Current: 149.99
2024-08-29 10:11:47,451 - INFO - Price unchanged for ProductID 128. Current: 149.99
2024-08-29 10:11:47,687 - INFO - Price unchanged for ProductID 129. Current: 239.99
2024-08-29 10:11:47,900 - INFO - Price unchanged for ProductID 169. Current: 129.99
2024-08-29 10:11:48,102 - INFO - Price unchanged for ProductID 130. Current: 69.99
2024-08-29 10:11:48,352 - INFO - Price unchanged for ProductID 17. Current: 279.99
2024-08-29 10:11:48,561 - INFO - Price unchanged for ProductID 18. Current: 429.99
2024-08-29 10:11:48,800 - INFO - Price unchanged for ProductID 22. Current: 59.99
2024-08-29 10:11:49,018 - INFO - Price unchanged for ProductID 131. Current: 138.99
2024-08-29 10:11:49,223 - INFO - Price unchanged for ProductID 132. Current: 129.99
2024-08-29 10:11:49,433 - INFO - Price unchanged for ProductID 23. Current: 99.99
2024-08-29 10:11:49,648 - INFO - Price unchanged for ProductID 3. Current: 229.99
2024-08-29 10:11:49,851 - INFO - Price unchanged for ProductID 4. Current: 259.99
2024-08-29 10:11:50,051 - INFO - Price unchanged for ProductID 170. Current: 84.99
2024-08-29 10:11:50,298 - INFO - Price unchanged for ProductID 133. Current: 179.99
2024-08-29 10:11:50,507 - INFO - Price unchanged for ProductID 135. Current: 64.99
2024-08-29 10:11:50,742 - INFO - Price unchanged for ProductID 136. Current: 74.99
2024-08-29 10:11:50,962 - INFO - Price unchanged for ProductID 137. Current: 199.99
2024-08-29 10:11:51,170 - INFO - Price unchanged for ProductID 138. Current: 269.99
2024-08-29 10:11:51,376 - INFO - Price unchanged for ProductID 139. Current: 59.99
2024-08-29 10:11:51,599 - INFO - Price unchanged for ProductID 141. Current: 179.99
2024-08-29 10:11:51,833 - INFO - Price unchanged for ProductID 142. Current: 129.99
2024-08-29 10:11:52,044 - INFO - Price unchanged for ProductID 143. Current: 129.99
2024-08-29 10:11:52,250 - INFO - Price unchanged for ProductID 144. Current: 34.99
2024-08-29 10:11:52,474 - INFO - Price unchanged for ProductID 145. Current: 34.99
2024-08-29 10:11:52,703 - INFO - Price unchanged for ProductID 146. Current: 29.99
2024-08-29 10:11:52,909 - INFO - Price unchanged for ProductID 172. Current: 29.99
2024-08-29 10:11:53,163 - INFO - Price unchanged for ProductID 147. Current: 169.99
2024-08-29 10:11:53,392 - INFO - Price unchanged for ProductID 148. Current: 169.99
2024-08-29 10:11:53,628 - INFO - Price unchanged for ProductID 149. Current: 144.99
2024-08-29 10:11:53,839 - INFO - Price unchanged for ProductID 26. Current: 44.99
2024-08-29 10:11:54,054 - INFO - Price unchanged for ProductID 173. Current: 59.99
2024-08-29 10:11:54,262 - INFO - Price unchanged for ProductID 151. Current: 69.99
2024-08-29 10:11:54,496 - INFO - Price unchanged for ProductID 21. Current: 119.99
2024-08-29 10:11:54,962 - INFO - Price unchanged for ProductID 152. Current: 54.99
2024-08-29 10:11:55,235 - INFO - Price unchanged for ProductID 153. Current: 99.99
2024-08-29 10:11:55,498 - INFO - Price unchanged for ProductID 174. Current: 54.99
2024-08-29 10:11:55,722 - INFO - Price unchanged for ProductID 154. Current: 29.99
2024-08-29 10:11:55,951 - INFO - Price unchanged for ProductID 105. Current: 229.99
2024-08-29 10:11:56,185 - INFO - Price unchanged for ProductID 6. Current: 169.99
2024-08-29 10:11:56,441 - INFO - Price unchanged for ProductID 9. Current: 219.99
2024-08-29 10:11:56,682 - INFO - Price unchanged for ProductID 175. Current: 262.99
2024-08-29 10:11:56,896 - INFO - Price unchanged for ProductID 109. Current: 189.99
2024-08-29 10:11:57,096 - INFO - Price unchanged for ProductID 13. Current: 138.99
2024-08-29 10:11:57,313 - INFO - Price unchanged for ProductID 113. Current: 292.49
2024-08-29 10:11:57,564 - INFO - Price unchanged for ProductID 19. Current: 269.99
2024-08-29 10:11:57,796 - INFO - Price unchanged for ProductID 20. Current: 149.99
2024-08-29 10:11:58,079 - INFO - Price unchanged for ProductID 134. Current: 249.99
2024-08-29 10:11:58,299 - INFO - Price unchanged for ProductID 140. Current: 189.99
2024-08-29 10:11:58,511 - INFO - Price unchanged for ProductID 171. Current: 34.99
2024-08-29 10:11:58,737 - INFO - Price unchanged for ProductID 150. Current: 92.49
2024-08-29 10:11:58,972 - INFO - Price unchanged for ProductID 155. Current: 174.99
2024-08-29 10:11:59,205 - INFO - Price unchanged for ProductID 156. Current: 69.99
2024-08-29 10:11:59,446 - INFO - Price unchanged for ProductID 10. Current: 79.99
2024-08-29 10:11:59,666 - INFO - Price unchanged for ProductID 158. Current: 149.99
2024-08-29 10:11:59,871 - INFO - Price unchanged for ProductID 115. Current: 29.99
2024-08-29 10:12:00,099 - INFO - Price unchanged for ProductID 157. Current: 34.99
2024-08-29 10:12:00,136 - INFO - Saved product status and prices for 152 products for FR Ninja
2024-08-29 10:12:00,136 - WARNING - The following URLs were skipped for FR Ninja:
2024-08-29 10:12:00,136 - WARNING - https://ninjakitchen.fr/produits/multicuiseur-smartlid-12-en-1-ninja-foodi-max-reconditionne-ol650eu-tres-bon-etat-zidOL650EUREFA
2024-08-29 10:12:00,136 - WARNING - https://ninjakitchen.fr/produits/multicuiseur-smartlid-12-en-1-ninja-foodi-max-reconditionne-ol650eu-etat-correct-zidOL650EUREFB
2024-08-29 10:12:00,136 - WARNING - https://ninjakitchen.fr/produits/multicuiseur-smartlid-12-en-1-ninja-foodi-max-reconditionne-etat-excellent-zidOL650EUREF
2024-08-29 10:12:00,136 - WARNING - 3 URLs were skipped after retrying for FR Ninja
2024-08-29 10:12:00,136 - WARNING - 31 URLs were skipped after retrying for FR Ninja
2024-08-29 10:12:00,136 - INFO - Finished checking FR Ninja
2024-08-29 10:12:00,136 - INFO - -----------------------------------
2024-08-29 10:12:00,136 - INFO - Checking stock for FR Shark
2024-08-29 10:12:00,137 - INFO - Processing URLs...
2024-08-29 10:12:13,031 - ERROR - Error fetching https://sharkclean.fr/produits/seche-cheveux-professionnel-shark-style-iq-hd120sleu-zidHD120SLEU: HTTPSConnectionPool(host='sharkclean.fr', port=443): Read timed out. (read timeout=3)
2024-08-29 10:12:20,879 - ERROR - Error fetching https://sharkclean.fr/produits/aspirateur-robot-shark-ai-ultra-2-en-1-rv2600wdeu-zidRV2600WDEU: HTTPSConnectionPool(host='sharkclean.fr', port=443): Read timed out. (read timeout=3)
2024-08-29 10:12:27,119 - ERROR - Error fetching https://sharkclean.fr/produits/aspirateur-balai-filaire-shark-nz801eu-avec-technologie-anti-emmelement-des-cheveux-et-des-poils-et-bloc-moteur-detachable-powered-lift-away-zidNZ801EU: HTTPSConnectionPool(host='sharkclean.fr', port=443): Read timed out. (read timeout=3)
2024-08-29 10:12:34,235 - ERROR - Error fetching https://sharkclean.fr/produits/aspirateur-a-main-shark-wandvac-2-0-wv270eu-zidWV270EU: HTTPSConnectionPool(host='sharkclean.fr', port=443): Read timed out. (read timeout=3)
2024-08-29 10:12:52,017 - ERROR - Error fetching https://sharkclean.fr/produits/aspirateur-robot-shark-reconditionne-rv2500seu-etat-correct-zidRV2500SEUREFB: HTTPSConnectionPool(host='sharkclean.fr', port=443): Read timed out. (read timeout=3)
2024-08-29 10:12:55,150 - ERROR - Error fetching https://sharkclean.fr/produits/seche-cheveux-et-embouts-de-coiffage-sur-mesure-shark-flexstyle-zidHD400SLEU: HTTPSConnectionPool(host='sharkclean.fr', port=443): Read timed out. (read timeout=3)
2024-08-29 10:12:55,150 - INFO - Rerunning 6 skipped URLs...
2024-08-29 10:12:58,194 - ERROR - Error fetching https://sharkclean.fr/produits/seche-cheveux-professionnel-shark-style-iq-hd120sleu-zidHD120SLEU: HTTPSConnectionPool(host='sharkclean.fr', port=443): Read timed out. (read timeout=3)
2024-08-29 10:13:02,507 - ERROR - Error fetching https://sharkclean.fr/produits/aspirateur-balai-filaire-shark-nz801eu-avec-technologie-anti-emmelement-des-cheveux-et-des-poils-et-bloc-moteur-detachable-powered-lift-away-zidNZ801EU: HTTPSConnectionPool(host='sharkclean.fr', port=443): Read timed out. (read timeout=3)
2024-08-29 10:13:04,161 - INFO - Re-rerunning 2 skipped URLs...
2024-08-29 10:13:04,412 - ERROR - Error fetching https://sharkclean.fr/produits/seche-cheveux-professionnel-shark-style-iq-hd120sleu-zidHD120SLEU: ('Connection aborted.', RemoteDisconnected('Remote end closed connection without response'))
2024-08-29 10:13:06,943 - INFO - Updated 8 products for FR Shark
2024-08-29 10:13:06,944 - INFO - Updated 8 out-of-stock products for FR Shark
2024-08-29 10:13:14,850 - INFO - Created new product: SKU=HD446SLEU, Name=Styler & Sèche-Cheveux 5-en-1 Shark FlexStyle HD446SLEU, ID=220
2024-08-29 10:13:18,535 - INFO - Updated 50 products for FR Shark
2024-08-29 10:13:18,535 - INFO - Updated 50 in-stock products for FR Shark
2024-08-29 10:13:33,102 - INFO - Updated 58 products for FR Shark
2024-08-29 10:13:33,675 - INFO - Price unchanged for ProductID 33. Current: 379.99
2024-08-29 10:13:33,904 - INFO - Price unchanged for ProductID 176. Current: 429.99
2024-08-29 10:13:34,101 - INFO - Price unchanged for ProductID 177. Current: 299.99
2024-08-29 10:13:34,313 - INFO - Price unchanged for ProductID 183. Current: 849.99
2024-08-29 10:13:34,542 - INFO - Price unchanged for ProductID 178. Current: 149.99
2024-08-29 10:13:34,746 - INFO - Price unchanged for ProductID 179. Current: 84.99
2024-08-29 10:13:34,985 - INFO - Price unchanged for ProductID 180. Current: 199.99
2024-08-29 10:13:35,204 - INFO - Price unchanged for ProductID 182. Current: 129.99
2024-08-29 10:13:35,429 - INFO - Price unchanged for ProductID 217. Current: 79.99
2024-08-29 10:13:35,676 - INFO - Price unchanged for ProductID 184. Current: 229.99
2024-08-29 10:13:35,909 - INFO - Price unchanged for ProductID 39. Current: 179.99
2024-08-29 10:13:36,137 - INFO - Price unchanged for ProductID 45. Current: 399.99
2024-08-29 10:13:36,363 - INFO - Price unchanged for ProductID 205. Current: 449.99
2024-08-29 10:13:36,585 - INFO - Price unchanged for ProductID 30. Current: 379.99
2024-08-29 10:13:36,801 - INFO - Price unchanged for ProductID 29. Current: 349.99
2024-08-29 10:13:37,045 - INFO - Price unchanged for ProductID 34. Current: 349.99
2024-08-29 10:13:37,258 - INFO - Price unchanged for ProductID 185. Current: 329.99
2024-08-29 10:13:37,486 - INFO - Price unchanged for ProductID 186. Current: 399.99
2024-08-29 10:13:37,713 - INFO - Price unchanged for ProductID 206. Current: 239.99
2024-08-29 10:13:37,959 - INFO - Price unchanged for ProductID 207. Current: 229.99
2024-08-29 10:13:38,172 - INFO - Price unchanged for ProductID 208. Current: 369.99
2024-08-29 10:13:38,378 - INFO - Price unchanged for ProductID 218. Current: 349.99
2024-08-29 10:13:38,593 - INFO - Price unchanged for ProductID 209. Current: 249.99
2024-08-29 10:13:38,824 - INFO - Price unchanged for ProductID 188. Current: 449.99
2024-08-29 10:13:39,046 - INFO - Price unchanged for ProductID 189. Current: 279.99
2024-08-29 10:13:39,250 - INFO - Price unchanged for ProductID 210. Current: 229.99
2024-08-29 10:13:39,520 - INFO - Price unchanged for ProductID 191. Current: 379.99
2024-08-29 10:13:39,758 - INFO - Price unchanged for ProductID 211. Current: 229.99
2024-08-29 10:13:39,964 - INFO - Price unchanged for ProductID 192. Current: 299.99
2024-08-29 10:13:40,168 - INFO - Price unchanged for ProductID 42. Current: 129.99
2024-08-29 10:13:40,375 - INFO - Price unchanged for ProductID 193. Current: 244.99
2024-08-29 10:13:40,583 - INFO - Price unchanged for ProductID 194. Current: 284.99
2024-08-29 10:13:40,808 - INFO - Price unchanged for ProductID 195. Current: 379.99
2024-08-29 10:13:41,017 - INFO - Price unchanged for ProductID 196. Current: 209.99
2024-08-29 10:13:41,218 - INFO - Price unchanged for ProductID 197. Current: 134.99
2024-08-29 10:13:41,426 - INFO - Price unchanged for ProductID 212. Current: 349.99
2024-08-29 10:13:41,676 - INFO - Price unchanged for ProductID 213. Current: 75.99
2024-08-29 10:13:41,885 - INFO - Price unchanged for ProductID 198. Current: 189.99
2024-08-29 10:13:42,117 - INFO - Price unchanged for ProductID 214. Current: 59.99
2024-08-29 10:13:42,324 - INFO - Price unchanged for ProductID 40. Current: 199.99
2024-08-29 10:13:42,558 - INFO - Price unchanged for ProductID 38. Current: 179.99
2024-08-29 10:13:42,832 - INFO - First price record for ProductID 220. Price: 299.99
2024-08-29 10:13:43,073 - INFO - Price unchanged for ProductID 43. Current: 99.99
2024-08-29 10:13:43,292 - INFO - Price unchanged for ProductID 46. Current: 119.99
2024-08-29 10:13:43,527 - INFO - Price unchanged for ProductID 215. Current: 249.99
2024-08-29 10:13:43,757 - INFO - Price unchanged for ProductID 199. Current: 329.99
2024-08-29 10:13:43,981 - INFO - Price unchanged for ProductID 47. Current: 199.99
2024-08-29 10:13:44,188 - INFO - Price unchanged for ProductID 31. Current: 299.99
2024-08-29 10:13:44,397 - INFO - Price unchanged for ProductID 35. Current: 349.99
2024-08-29 10:13:44,579 - INFO - Price unchanged for ProductID 200. Current: 269.99
2024-08-29 10:13:44,816 - INFO - Price unchanged for ProductID 216. Current: 289.99
2024-08-29 10:13:45,029 - INFO - Price unchanged for ProductID 201. Current: 249.99
2024-08-29 10:13:45,240 - INFO - Price unchanged for ProductID 202. Current: 129.99
2024-08-29 10:13:45,440 - INFO - Price unchanged for ProductID 187. Current: 219.99
2024-08-29 10:13:45,670 - INFO - Price unchanged for ProductID 41. Current: 179.99
2024-08-29 10:13:45,910 - INFO - Price unchanged for ProductID 203. Current: 329.99
2024-08-29 10:13:46,137 - INFO - Price unchanged for ProductID 204. Current: 299.99
2024-08-29 10:13:46,341 - INFO - Price unchanged for ProductID 190. Current: 349.99
2024-08-29 10:13:46,376 - INFO - Saved product status and prices for 58 products for FR Shark
2024-08-29 10:13:46,376 - WARNING - The following URLs were skipped for FR Shark:
2024-08-29 10:13:46,376 - WARNING - https://sharkclean.fr/produits/seche-cheveux-professionnel-shark-style-iq-hd120sleu-zidHD120SLEU
2024-08-29 10:13:46,376 - WARNING - 1 URLs were skipped after retrying for FR Shark
2024-08-29 10:13:46,376 - WARNING - 6 URLs were skipped after retrying for FR Shark
2024-08-29 10:13:46,376 - INFO - Finished checking FR Shark
2024-08-29 10:13:46,376 - INFO - -----------------------------------
2024-08-29 10:13:46,376 - INFO - Finished stock check for all URLs
